[01:58:07] [ServerMain/INFO]: [bootstrap] Running Java 22 (OpenJDK 64-Bit Server VM 22+36-2370; Oracle Corporation null) on Windows 11 10.0 (amd64)
[01:58:07] [ServerMain/INFO]: [bootstrap] Loading Paper 1.21.1-132-ver/1.21.1@b48403b (2024-11-21T10:14:27Z) for Minecraft 1.21.1
[01:58:08] [ServerMain/INFO]: [PluginInitializerManager] Initializing plugins...
[01:58:08] [Paper Plugin Remapper Thread - 2/INFO]: [PluginRemapper] Remapping plugin 'plugins\minecraft_plugin.jar'...
[01:58:09] [Paper Plugin Remapper Thread - 2/INFO]: [PluginRemapper] Done remapping plugin 'plugins\minecraft_plugin.jar' in 472ms.
[01:58:09] [ServerMain/INFO]: [PluginInitializerManager] Initialized 1 plugin
[01:58:09] [ServerMain/INFO]: [PluginInitializerManager] Bukkit plugins (1):
 - minecraft_plugin (1.0)
[01:58:14] [ServerMain/INFO]: Environment: Environment[sessionHost=https://sessionserver.mojang.com, servicesHost=https://api.minecraftservices.com, name=PROD]
[01:58:16] [ServerMain/INFO]: Loaded 1290 recipes
[01:58:16] [ServerMain/INFO]: Loaded 1399 advancements
[01:58:17] [Server thread/INFO]: Starting minecraft server version 1.21.1
[01:58:17] [Server thread/INFO]: Loading properties
[01:58:17] [Server thread/INFO]: This server is running Paper version 1.21.1-132-ver/1.21.1@b48403b (2024-11-21T10:14:27Z) (Implementing API version 1.21.1-R0.1-SNAPSHOT)
[01:58:18] [Server thread/INFO]: [spark] This server bundles the spark profiler. For more information please visit https://docs.papermc.io/paper/profiling
[01:58:18] [Server thread/INFO]: Server Ping Player Sample Count: 12
[01:58:18] [Server thread/INFO]: Using 4 threads for Netty based IO
[01:58:18] [Server thread/INFO]: [ChunkTaskScheduler] Chunk system is using 1 I/O threads, 6 worker threads, and population gen parallelism of 6 threads
[01:58:19] [Server thread/INFO]: Default game type: SURVIVAL
[01:58:19] [Server thread/INFO]: Generating keypair
[01:58:19] [Server thread/INFO]: Starting Minecraft server on *:25565
[01:58:19] [Server thread/INFO]: Using default channel type
[01:58:19] [Server thread/INFO]: Paper: Using Java compression from Velocity.
[01:58:19] [Server thread/INFO]: Paper: Using Java cipher from Velocity.
[01:58:19] [Server thread/INFO]: [minecraft_plugin] Loading server plugin minecraft_plugin v1.0
[01:58:19] [Server thread/INFO]: Server permissions file permissions.yml is empty, ignoring it
[01:58:19] [Server thread/INFO]: Preparing level "world"
[01:58:20] [Server thread/INFO]: Preparing start region for dimension minecraft:overworld
[01:58:21] [Server thread/INFO]: Time elapsed: 1185 ms
[01:58:21] [Server thread/INFO]: Preparing start region for dimension minecraft:the_nether
[01:58:21] [Server thread/INFO]: Time elapsed: 72 ms
[01:58:21] [Server thread/INFO]: Preparing start region for dimension minecraft:the_end
[01:58:21] [Server thread/INFO]: Time elapsed: 72 ms
[01:58:21] [Server thread/INFO]: [minecraft_plugin] Enabling minecraft_plugin v1.0
[01:58:21] [Server thread/INFO]: [minecraft_plugin] Minecraft_plugin aktiviert!
[01:58:21] [Server thread/INFO]: [spark] Starting background profiler...
[01:58:21] [Server thread/INFO]: [spark] The async-profiler engine is not supported for your os/arch (windows11/amd64), so the built-in Java engine will be used instead.
[01:58:21] [Server thread/INFO]: Done preparing level "world" (2.132s)
[01:58:21] [Server thread/INFO]: Running delayed init tasks
[01:58:21] [Server thread/INFO]: Done (14.771s)! For help, type "help"
[01:58:21] [Server thread/INFO]: Timings Reset
[01:58:22] [User Authenticator #0/INFO]: UUID of player CedricNew is a48dc127-755c-47a8-a4a6-620e0c0c33a6
[01:58:22] [Server thread/INFO]: CedricNew joined the game
[01:58:23] [Server thread/INFO]: CedricNew[/127.0.0.1:58458] logged in with entity id 38 at ([world]676.3240735105009, 91.0, 3.699999988079071)
[01:59:24] [Server thread/INFO]: CedricNew lost connection: Disconnected
[01:59:24] [Server thread/INFO]: CedricNew left the game
[01:59:27] [Server thread/INFO]: Stopping server
[01:59:27] [Server thread/INFO]: [minecraft_plugin] Disabling minecraft_plugin v1.0
[01:59:27] [Server thread/INFO]: [minecraft_plugin] Minecraft_plugin deaktiviert!
[01:59:27] [Server thread/INFO]: Saving players
[01:59:28] [Server thread/INFO]: Saving worlds
[01:59:28] [Server thread/INFO]: Saving chunks for level 'ServerLevel[world]'/minecraft:overworld
[01:59:28] [Server thread/INFO]: [ChunkHolderManager] Waiting 60s for chunk system to halt for world 'world'
[01:59:28] [Server thread/INFO]: [ChunkHolderManager] Halted chunk system for world 'world'
[01:59:28] [Server thread/INFO]: [ChunkHolderManager] Saving all chunkholders for world 'world'
[01:59:30] [Server thread/INFO]: [ChunkHolderManager] Saved 724 block chunks, 724 entity chunks, 0 poi chunks in world 'world' in 2,31s
[01:59:30] [Server thread/INFO]: Saving chunks for level 'ServerLevel[world_nether]'/minecraft:the_nether
[01:59:30] [Server thread/INFO]: [ChunkHolderManager] Waiting 60s for chunk system to halt for world 'world_nether'
[01:59:30] [Server thread/INFO]: [ChunkHolderManager] Halted chunk system for world 'world_nether'
[01:59:30] [Server thread/INFO]: [ChunkHolderManager] Saving all chunkholders for world 'world_nether'
[01:59:30] [Server thread/INFO]: [ChunkHolderManager] Saved 49 block chunks, 49 entity chunks, 0 poi chunks in world 'world_nether' in 0,12s
[01:59:30] [Server thread/INFO]: Saving chunks for level 'ServerLevel[world_the_end]'/minecraft:the_end
[01:59:30] [Server thread/INFO]: [ChunkHolderManager] Waiting 60s for chunk system to halt for world 'world_the_end'
[01:59:30] [Server thread/INFO]: [ChunkHolderManager] Halted chunk system for world 'world_the_end'
[01:59:30] [Server thread/INFO]: [ChunkHolderManager] Saving all chunkholders for world 'world_the_end'
[01:59:31] [Server thread/INFO]: [ChunkHolderManager] Saved 49 block chunks, 49 entity chunks, 0 poi chunks in world 'world_the_end' in 0,17s
[01:59:31] [Server thread/INFO]: ThreadedAnvilChunkStorage (world): All chunks are saved
[01:59:31] [Server thread/INFO]: ThreadedAnvilChunkStorage (DIM-1): All chunks are saved
[01:59:31] [Server thread/INFO]: ThreadedAnvilChunkStorage (DIM1): All chunks are saved
[01:59:31] [Server thread/INFO]: ThreadedAnvilChunkStorage: All dimensions are saved
